<?xml version="1.0" encoding="UTF-8"?>
<testsuite xmlns:xsi="http://www.w3.org/2001/XMLSchema-instance" xsi:noNamespaceSchemaLocation="https://maven.apache.org/surefire/maven-surefire-plugin/xsd/surefire-test-report.xsd" name="org.entrg6.AppTest" time="0.045" tests="28" errors="0" skipped="0" failures="0">
  <properties>
[...]
</properties>
  <testcase name="testEXTaylorRecursivoCeroTodo" classname="org.entrg6.AppTest" time="0.004"/>
  <testcase name="testMediaArmonicaNegativos" classname="org.entrg6.AppTest" time="0.002"/>
  <testcase name="testSumaProgrGeomCreandoProgr" classname="org.entrg6.AppTest" time="0.002"/>
  <testcase name="testSumaProgrGeomCreandoProgrNegativa" classname="org.entrg6.AppTest" time="0"/>
  <testcase name="testEXTaylorRecursivoCeroN" classname="org.entrg6.AppTest" time="0"/>
  <testcase name="testEXTaylorRecursivoCeroX" classname="org.entrg6.AppTest" time="0"/>
  <testcase name="testEXTaylorNegativo" classname="org.entrg6.AppTest" time="0"/>
  <testcase name="testSumaNEnteros1" classname="org.entrg6.AppTest" time="0.001"/>
  <testcase name="testMediaArmonicaElemento0" classname="org.entrg6.AppTest" time="0"/>
  <testcase name="testEXTaylor" classname="org.entrg6.AppTest" time="0"/>
  <testcase name="testEXTaylorRecursivoNegativo" classname="org.entrg6.AppTest" time="0"/>
  <testcase name="testEXTaylorRecursivo" classname="org.entrg6.AppTest" time="0.001"/>
  <testcase name="testMediaArmonicaSumaInversosEsCero" classname="org.entrg6.AppTest" time="0"/>
  <testcase name="testSumaProgrGeomCreandoProgr0" classname="org.entrg6.AppTest" time="0"/>
  <testcase name="testSumaProgrGeomCreandoProgrRazonRacional" classname="org.entrg6.AppTest" time="0"/>
  <testcase name="testSumaProgrGeomCreandoProgrRazon0" classname="org.entrg6.AppTest" time="0"/>
  <testcase name="testEXTaylorCeroN" classname="org.entrg6.AppTest" time="0.001"/>
  <testcase name="testEXTaylorCeroX" classname="org.entrg6.AppTest" time="0"/>
  <testcase name="testMediaArmonica" classname="org.entrg6.AppTest" time="0"/>
  <testcase name="testSumaNEnterosMetiendoNegativo" classname="org.entrg6.AppTest" time="0"/>
  <testcase name="testSumaProgrGeom" classname="org.entrg6.AppTest" time="0.001"/>
  <testcase name="testSumaProgrGeom0" classname="org.entrg6.AppTest" time="0"/>
  <testcase name="testEXTaylorCeroTodo" classname="org.entrg6.AppTest" time="0"/>
  <testcase name="testSumaProgrGeomCreandoProgrN0" classname="org.entrg6.AppTest" time="0"/>
  <testcase name="testMediaArmonicaVacia" classname="org.entrg6.AppTest" time="0.001"/>
  <testcase name="testSumaProgrGeomNegativa" classname="org.entrg6.AppTest" time="0"/>
  <testcase name="testSumaProgrGeomVacia" classname="org.entrg6.AppTest" time="0"/>
  <testcase name="testSumaNEnterosMayorQue1" classname="org.entrg6.AppTest" time="0"/>
</testsuite>